Determining if the pthread_create exist failed with the following output:
Change Dir: /home/openicv/detection/ros_camera/src/mapProcessAndPathPlot/build/CMakeFiles/CMakeTmp

Run Build Command:"/usr/bin/make" "cmTC_51fb6/fast"
/usr/bin/make -f CMakeFiles/cmTC_51fb6.dir/build.make CMakeFiles/cmTC_51fb6.dir/build
make[1]: Entering directory '/home/openicv/detection/ros_camera/src/mapProcessAndPathPlot/build/CMakeFiles/CMakeTmp'
/usr/bin/cmake: /home/openicv/anaconda3/lib/libssl.so.1.0.0: no version information available (required by /usr/lib/x86_64-linux-gnu/libcurl.so.4)
/usr/bin/cmake: /home/openicv/anaconda3/lib/libssl.so.1.0.0: no version information available (required by /usr/lib/x86_64-linux-gnu/libcurl.so.4)
/usr/bin/cmake: /home/openicv/anaconda3/lib/libssl.so.1.0.0: no version information available (required by /usr/lib/x86_64-linux-gnu/libcurl.so.4)
/usr/bin/cmake: /home/openicv/anaconda3/lib/libcrypto.so.1.0.0: no version information available (required by /usr/lib/x86_64-linux-gnu/libcurl.so.4)
Building C object CMakeFiles/cmTC_51fb6.dir/CheckSymbolExists.c.o
/usr/bin/cc     -o CMakeFiles/cmTC_51fb6.dir/CheckSymbolExists.c.o   -c /home/openicv/detection/ros_camera/src/mapProcessAndPathPlot/build/CMakeFiles/CMakeTmp/CheckSymbolExists.c
/usr/bin/cmake: /home/openicv/anaconda3/lib/libssl.so.1.0.0: no version information available (required by /usr/lib/x86_64-linux-gnu/libcurl.so.4)
/usr/bin/cmake: /home/openicv/anaconda3/lib/libssl.so.1.0.0: no version information available (required by /usr/lib/x86_64-linux-gnu/libcurl.so.4)
/usr/bin/cmake: /home/openicv/anaconda3/lib/libssl.so.1.0.0: no version information available (required by /usr/lib/x86_64-linux-gnu/libcurl.so.4)
/usr/bin/cmake: /home/openicv/anaconda3/lib/libcrypto.so.1.0.0: no version information available (required by /usr/lib/x86_64-linux-gnu/libcurl.so.4)
Linking C executable cmTC_51fb6
/usr/bin/cmake -E cmake_link_script CMakeFiles/cmTC_51fb6.dir/link.txt --verbose=1
/usr/bin/cmake: /home/openicv/anaconda3/lib/libssl.so.1.0.0: no version information available (required by /usr/lib/x86_64-linux-gnu/libcurl.so.4)
/usr/bin/cmake: /home/openicv/anaconda3/lib/libssl.so.1.0.0: no version information available (required by /usr/lib/x86_64-linux-gnu/libcurl.so.4)
/usr/bin/cmake: /home/openicv/anaconda3/lib/libssl.so.1.0.0: no version information available (required by /usr/lib/x86_64-linux-gnu/libcurl.so.4)
/usr/bin/cmake: /home/openicv/anaconda3/lib/libcrypto.so.1.0.0: no version information available (required by /usr/lib/x86_64-linux-gnu/libcurl.so.4)
/usr/bin/cc       CMakeFiles/cmTC_51fb6.dir/CheckSymbolExists.c.o  -o cmTC_51fb6 -rdynamic 
CMakeFiles/cmTC_51fb6.dir/CheckSymbolExists.c.o：在函数‘main’中：
CheckSymbolExists.c:(.text+0x16)：对‘pthread_create’未定义的引用
collect2: error: ld returned 1 exit status
CMakeFiles/cmTC_51fb6.dir/build.make:97: recipe for target 'cmTC_51fb6' failed
make[1]: *** [cmTC_51fb6] Error 1
make[1]: Leaving directory '/home/openicv/detection/ros_camera/src/mapProcessAndPathPlot/build/CMakeFiles/CMakeTmp'
Makefile:126: recipe for target 'cmTC_51fb6/fast' failed
make: *** [cmTC_51fb6/fast] Error 2

File /home/openicv/detection/ros_camera/src/mapProcessAndPathPlot/build/CMakeFiles/CMakeTmp/CheckSymbolExists.c:
/* */
#include <pthread.h>

int main(int argc, char** argv)
{
  (void)argv;
#ifndef pthread_create
  return ((int*)(&pthread_create))[argc];
#else
  (void)argc;
  return 0;
#endif
}

Determining if the function pthread_create exists in the pthreads failed with the following output:
Change Dir: /home/openicv/detection/ros_camera/src/mapProcessAndPathPlot/build/CMakeFiles/CMakeTmp

Run Build Command:"/usr/bin/make" "cmTC_433da/fast"
/usr/bin/make -f CMakeFiles/cmTC_433da.dir/build.make CMakeFiles/cmTC_433da.dir/build
make[1]: Entering directory '/home/openicv/detection/ros_camera/src/mapProcessAndPathPlot/build/CMakeFiles/CMakeTmp'
/usr/bin/cmake: /home/openicv/anaconda3/lib/libssl.so.1.0.0: no version information available (required by /usr/lib/x86_64-linux-gnu/libcurl.so.4)
/usr/bin/cmake: /home/openicv/anaconda3/lib/libssl.so.1.0.0: no version information available (required by /usr/lib/x86_64-linux-gnu/libcurl.so.4)
/usr/bin/cmake: /home/openicv/anaconda3/lib/libssl.so.1.0.0: no version information available (required by /usr/lib/x86_64-linux-gnu/libcurl.so.4)
/usr/bin/cmake: /home/openicv/anaconda3/lib/libcrypto.so.1.0.0: no version information available (required by /usr/lib/x86_64-linux-gnu/libcurl.so.4)
Building C object CMakeFiles/cmTC_433da.dir/CheckFunctionExists.c.o
/usr/bin/cc    -DCHECK_FUNCTION_EXISTS=pthread_create   -o CMakeFiles/cmTC_433da.dir/CheckFunctionExists.c.o   -c /usr/share/cmake-3.5/Modules/CheckFunctionExists.c
/usr/bin/cmake: /home/openicv/anaconda3/lib/libssl.so.1.0.0: no version information available (required by /usr/lib/x86_64-linux-gnu/libcurl.so.4)
/usr/bin/cmake: /home/openicv/anaconda3/lib/libssl.so.1.0.0: no version information available (required by /usr/lib/x86_64-linux-gnu/libcurl.so.4)
/usr/bin/cmake: /home/openicv/anaconda3/lib/libssl.so.1.0.0: no version information available (required by /usr/lib/x86_64-linux-gnu/libcurl.so.4)
/usr/bin/cmake: /home/openicv/anaconda3/lib/libcrypto.so.1.0.0: no version information available (required by /usr/lib/x86_64-linux-gnu/libcurl.so.4)
Linking C executable cmTC_433da
/usr/bin/cmake -E cmake_link_script CMakeFiles/cmTC_433da.dir/link.txt --verbose=1
/usr/bin/cmake: /home/openicv/anaconda3/lib/libssl.so.1.0.0: no version information available (required by /usr/lib/x86_64-linux-gnu/libcurl.so.4)
/usr/bin/cmake: /home/openicv/anaconda3/lib/libssl.so.1.0.0: no version information available (required by /usr/lib/x86_64-linux-gnu/libcurl.so.4)
/usr/bin/cmake: /home/openicv/anaconda3/lib/libssl.so.1.0.0: no version information available (required by /usr/lib/x86_64-linux-gnu/libcurl.so.4)
/usr/bin/cmake: /home/openicv/anaconda3/lib/libcrypto.so.1.0.0: no version information available (required by /usr/lib/x86_64-linux-gnu/libcurl.so.4)
/usr/bin/cc   -DCHECK_FUNCTION_EXISTS=pthread_create    CMakeFiles/cmTC_433da.dir/CheckFunctionExists.c.o  -o cmTC_433da -rdynamic -lpthreads 
/usr/bin/ld: 找不到 -lpthreads
collect2: error: ld returned 1 exit status
CMakeFiles/cmTC_433da.dir/build.make:97: recipe for target 'cmTC_433da' failed
make[1]: *** [cmTC_433da] Error 1
make[1]: Leaving directory '/home/openicv/detection/ros_camera/src/mapProcessAndPathPlot/build/CMakeFiles/CMakeTmp'
Makefile:126: recipe for target 'cmTC_433da/fast' failed
make: *** [cmTC_433da/fast] Error 2


